app/build/outputs/logs/manifest-merger-debug-report.txt
-- Merging decision tree log ---
manifest
ADDED from src\main\AndroidManifest.xml:2:1-21:12
INJECTED from src\main\AndroidManifest.xml:2:1-21:12
INJECTED from src\main\AndroidManifest.xml:2:1-21:12
INJECTED from src\main\AndroidManifest.xml:2:1-21:12
INJECTED from src\main\AndroidManifest.xml:2:1-21:12
INJECTED from src\main\AndroidManifest.xml:2:1-21:12
INJECTED from src\main\AndroidManifest.xml:2:1-21:12
	package
		ADDED from src\main\AndroidManifest.xml:2:95-121
		INJECTED from src\main\AndroidManifest.xml
		INJECTED from src\main\AndroidManifest.xml
	android:versionName
		ADDED from src\main\AndroidManifest.xml:2:36-63
		INJECTED from src\main\AndroidManifest.xml
		INJECTED from src\main\AndroidManifest.xml
	xmlns:android
		ADDED from src\main\AndroidManifest.xml:3:3-61
	android:versionCode
		ADDED from src\main\AndroidManifest.xml:2:11-35
		INJECTED from src\main\AndroidManifest.xml
		INJECTED from src\main\AndroidManifest.xml
	android:installLocation
		ADDED from src\main\AndroidManifest.xml:2:64-94
uses-sdk
ADDED from src\main\AndroidManifest.xml:4:5-43
INJECTED from src\main\AndroidManifest.xml:4:5-43
INJECTED from src\main\AndroidManifest.xml:4:5-43
INJECTED from src\main\AndroidManifest.xml:4:5-43
INJECTED from src\main\AndroidManifest.xml:4:5-43
	android:targetSdkVersion
		INJECTED from src\main\AndroidManifest.xml
		ADDED from src\main\AndroidManifest.xml:4:5-43
		INJECTED from src\main\AndroidManifest.xml
	android:minSdkVersion
		ADDED from src\main\AndroidManifest.xml:4:15-40
		INJECTED from src\main\AndroidManifest.xml
		INJECTED from src\main\AndroidManifest.xml
application
ADDED from src\main\AndroidManifest.xml:5:5-18:19
	android:label
		ADDED from src\main\AndroidManifest.xml:5:18-50
	android:icon
		ADDED from src\main\AndroidManifest.xml:5:51-80
activity#it.meteocecchina.MeteoCecchinaActivity
ADDED from src\main\AndroidManifest.xml:6:9-11:20
	android:screenOrientation
		ADDED from src\main\AndroidManifest.xml:6:90-126
	android:label
		ADDED from src\main\AndroidManifest.xml:6:19-51
	android:name
		ADDED from src\main\AndroidManifest.xml:6:52-89
intent-filter#android.intent.action.MAIN+android.intent.category.LAUNCHER
ADDED from src\main\AndroidManifest.xml:7:13-10:29
action#android.intent.action.MAIN
ADDED from src\main\AndroidManifest.xml:8:17-69
	android:name
		ADDED from src\main\AndroidManifest.xml:8:25-66
category#android.intent.category.LAUNCHER
ADDED from src\main\AndroidManifest.xml:9:17-77
	android:name
		ADDED from src\main\AndroidManifest.xml:9:27-74
activity#it.meteocecchina.Attuali
ADDED from src\main\AndroidManifest.xml:12:9-82
	android:screenOrientation
		ADDED from src\main\AndroidManifest.xml:12:43-79
	android:name
		ADDED from src\main\AndroidManifest.xml:12:19-42
activity#it.meteocecchina.Estremi
ADDED from src\main\AndroidManifest.xml:13:9-82
	android:screenOrientation
		ADDED from src\main\AndroidManifest.xml:13:43-79
	android:name
		ADDED from src\main\AndroidManifest.xml:13:19-42
activity#it.meteocecchina.Grafici
ADDED from src\main\AndroidManifest.xml:14:9-142
	android:screenOrientation
		ADDED from src\main\AndroidManifest.xml:14:102-139
	android:theme
		ADDED from src\main\AndroidManifest.xml:14:19-77
	android:name
		ADDED from src\main\AndroidManifest.xml:14:78-101
activity#it.meteocecchina.Webcam
ADDED from src\main\AndroidManifest.xml:15:9-141
	android:screenOrientation
		ADDED from src\main\AndroidManifest.xml:15:101-138
	android:theme
		ADDED from src\main\AndroidManifest.xml:15:19-77
	android:name
		ADDED from src\main\AndroidManifest.xml:15:78-100
activity#it.meteocecchina.Altri
ADDED from src\main\AndroidManifest.xml:16:9-80
	android:screenOrientation
		ADDED from src\main\AndroidManifest.xml:16:41-77
	android:name
		ADDED from src\main\AndroidManifest.xml:16:19-40
activity#it.meteocecchina.Situazione
ADDED from src\main\AndroidManifest.xml:17:9-145
	android:screenOrientation
		ADDED from src\main\AndroidManifest.xml:17:105-142
	android:theme
		ADDED from src\main\AndroidManifest.xml:17:19-77
	android:name
		ADDED from src\main\AndroidManifest.xml:17:78-104
uses-permission#android.permission.INTERNET
ADDED from src\main\AndroidManifest.xml:19:5-67
	android:name
		ADDED from src\main\AndroidManifest.xml:19:22-64
supports-screens
ADDED from src\main\AndroidManifest.xml:20:5-165
	android:largeScreens
		ADDED from src\main\AndroidManifest.xml:20:106-133
	android:smallScreens
		ADDED from src\main\AndroidManifest.xml:20:49-76
	android:normalScreens
		ADDED from src\main\AndroidManifest.xml:20:77-105
	android:xlargeScreens
		ADDED from src\main\AndroidManifest.xml:20:134-162
	android:anyDensity
		ADDED from src\main\AndroidManifest.xml:20:23-48